request Match List ends summonerId 21103810, totalGames 8
request Match Data ends matchID 2079018152
request Match Data ends matchID 2078978809
request Match Data ends matchID 2078685959
request Match Data ends matchID 2078648075
request Match Data ends matchID 2077727807
request Match Data ends matchID 2077706169
request Match Data ends matchID 2076725429
request Match Data ends matchID 2076495503
request Match List ends summonerId 19819627, totalGames 7
2079018152 already crawled. Skip.
request Match List ends summonerId 21366420, totalGames 2
2079018152 already crawled. Skip.
request Match List ends summonerId 507907, totalGames 15
2079018152 already crawled. Skip.
request Match List ends summonerId 23645787, totalGames 53
2079018152 already crawled. Skip.
request Match List ends summonerId 21706564, totalGames 90
2079018152 already crawled. Skip.
request Match List ends summonerId 20239565, totalGames 3
2079018152 already crawled. Skip.
request Match List ends summonerId 19787999, totalGames 37
2079018152 already crawled. Skip.
request Match List ends summonerId 29429678, totalGames 45
2079018152 already crawled. Skip.
request Match List ends summonerId 31602758, totalGames 6
2079018152 already crawled. Skip.
request Match List ends summonerId 29360758, totalGames 24
2078978809 already crawled. Skip.
request Match List ends summonerId 43719515, totalGames 15
2078978809 already crawled. Skip.
request Match List ends summonerId 21328659, totalGames 67
2078978809 already crawled. Skip.
request Match List ends summonerId 34018967, totalGames 53
2078978809 already crawled. Skip.
request Match List ends summonerId 21193032, totalGames 34
2078978809 already crawled. Skip.
request Match List ends summonerId 22724185, totalGames 35
2078978809 already crawled. Skip.
request Match List ends summonerId 37280473, totalGames 38
2078978809 already crawled. Skip.
request Match List ends summonerId 49376137, totalGames 20
2078978809 already crawled. Skip.
request Match List ends summonerId 30933113, totalGames 58
2078685959 already crawled. Skip.
2077706169 already crawled. Skip.
request Match List ends summonerId 43839117, totalGames 9
2078685959 already crawled. Skip.
request Match List ends summonerId 73170082, totalGames 33
2078685959 already crawled. Skip.
request Match List ends summonerId 70139078, totalGames 72
2078685959 already crawled. Skip.
request Match List ends summonerId 20156016, totalGames 13
2078685959 already crawled. Skip.
request Match List ends summonerId 26423851, totalGames 11
2078685959 already crawled. Skip.
request Match List ends summonerId 66401633, totalGames 38
2078685959 already crawled. Skip.
request Match List ends summonerId 21124626, totalGames 44
2078685959 already crawled. Skip.
request Match List ends summonerId 37243932, totalGames 13
2078685959 already crawled. Skip.
request Match List ends summonerId 36349557, totalGames 71
2078648075 already crawled. Skip.
request Match List ends summonerId 21648778, totalGames 17
2078648075 already crawled. Skip.
request Match List ends summonerId 22902994, totalGames 2
2078648075 already crawled. Skip.
request Match List ends summonerId 34849307, totalGames 24
2078648075 already crawled. Skip.
request Match List ends summonerId 286367, totalGames 10
2078648075 already crawled. Skip.
request Match List ends summonerId 21269385, totalGames 11
2078648075 already crawled. Skip.
request Match List ends summonerId 32311174, totalGames 14
2078648075 already crawled. Skip.
request Match List ends summonerId 70542063, totalGames 43
2078648075 already crawled. Skip.
request Match List ends summonerId 32730899, totalGames 46
2078648075 already crawled. Skip.
request Match List ends summonerId 24803075, totalGames 7
2077727807 already crawled. Skip.
2077706169 already crawled. Skip.
request Match List ends summonerId 70199703, totalGames 13
2077727807 already crawled. Skip.
request Match List ends summonerId 19257786, totalGames 5
2077727807 already crawled. Skip.
2077706169 already crawled. Skip.
request Match List ends summonerId 21893827, totalGames 18
2077727807 already crawled. Skip.
request Match List ends summonerId 23186259, totalGames 5
2077727807 already crawled. Skip.
request Match List ends summonerId 35317527, totalGames 8
2077727807 already crawled. Skip.
request Match List ends summonerId 24595876, totalGames 10
2077727807 already crawled. Skip.
request Match List ends summonerId 24137629, totalGames 18
2077727807 already crawled. Skip.
request Match List ends summonerId 55629820, totalGames 10
2077727807 already crawled. Skip.
request Match List ends summonerId 65871129, totalGames 72
2077706169 already crawled. Skip.
request Match List ends summonerId 34471226, totalGames 65
2077706169 already crawled. Skip.
request Match List ends summonerId 25044839, totalGames 35
2077706169 already crawled. Skip.
request Match List ends summonerId 24803075, totalGames 7
2077727807 already crawled. Skip.
2077706169 already crawled. Skip.
request Match List ends summonerId 19257786, totalGames 5
2077727807 already crawled. Skip.
2077706169 already crawled. Skip.
request Match List ends summonerId 24865487, totalGames 73
2077706169 already crawled. Skip.
request Match List ends summonerId 28690500, totalGames 31
2077706169 already crawled. Skip.
request Match List ends summonerId 30933113, totalGames 58
2078685959 already crawled. Skip.
2077706169 already crawled. Skip.
request Match List ends summonerId 36385555, totalGames 69
2077706169 already crawled. Skip.
request Match List ends summonerId 26082266, totalGames 82
2076725429 already crawled. Skip.
request Match List ends summonerId 24236539, totalGames 66
2076725429 already crawled. Skip.
request Match List ends summonerId 20077958, totalGames 27
2076725429 already crawled. Skip.
request Match List ends summonerId 25097128, totalGames 45
2076725429 already crawled. Skip.
request Match List ends summonerId 20873017, totalGames 41
2076725429 already crawled. Skip.
request Match List ends summonerId 21957142, totalGames 5
2076725429 already crawled. Skip.
request Match List ends summonerId 29810243, totalGames 16
2076725429 already crawled. Skip.
request Match List ends summonerId 69769708, totalGames 58
2076725429 already crawled. Skip.
request Match List ends summonerId 73170120, totalGames 49
2076725429 already crawled. Skip.
request Match List ends summonerId 31324382, totalGames 14
2076495503 already crawled. Skip.
request Match List ends summonerId 24198678, totalGames 5
2076495503 already crawled. Skip.
request Match List ends summonerId 24084151, totalGames 21
2076495503 already crawled. Skip.
request Match List ends summonerId 22922261, totalGames 53
2076495503 already crawled. Skip.
request Match List ends summonerId 24598046, totalGames 16
2076495503 already crawled. Skip.
request Match List ends summonerId 22154562, totalGames 47
2076495503 already crawled. Skip.
request Match List ends summonerId 50827543, totalGames 57
2076495503 already crawled. Skip.
request Match List ends summonerId 30018113, totalGames 68
2076495503 already crawled. Skip.
request Match Data ends matchID 2078620917
request Match List ends summonerId 23884510, totalGames 70
2076495503 already crawled. Skip.
request Match Data ends matchID 2078563760
request Match Data ends matchID 2078096890
request Match Data ends matchID 2078016265
request Match Data ends matchID 2077969921
request Match Data ends matchID 2077914941
request Match Data ends matchID 2079003259
request Match Data ends matchID 2079002540
request Match Data ends matchID 2078082720
request Match Data ends matchID 2078030403
request Match Data ends matchID 2077999736
request Match Data ends matchID 2077935704
request Match Data ends matchID 2077877795
failed to get match data from 2076385512 because of 429 429
Rate limit exceeded  with apiKey 55c0033d-23b5-4cb6-8104-e0d5311073b2. Retry.
Retry 2076385512 from GetMatchData
request Match Data ends matchID 2076426793
request Match Data ends matchID 2077809155
request Match Data ends matchID 2076361889
request Match Data ends matchID 2076315409
failed to get match data from 2076065569 because of 429 429
Rate limit exceeded  with apiKey eb44fe5e-8a30-4eaa-8376-69d39f8c6832. Retry.
Retry 2076065569 from GetMatchData
request Match Data ends matchID 2074007477
request Match Data ends matchID 2074040455
request Match Data ends matchID 2079003259
request Match Data ends matchID 2078958537
request Match Data ends matchID 2078966739
request Match Data ends matchID 2078868211
request Match Data ends matchID 2078864981
request Match Data ends matchID 2077999736
request Match Data ends matchID 2078030403
request Match Data ends matchID 2077935704
request Match Data ends matchID 2077896628
request Match Data ends matchID 2077676679
request Match Data ends matchID 2077706820
request Match Data ends matchID 2077672379
request Match Data ends matchID 2077639378
request Match Data ends matchID 2077645461
request Match Data ends matchID 2077641057
request Match Data ends matchID 2077630684
request Match Data ends matchID 2077609511
request Match Data ends matchID 2077606893
request Match Data ends matchID 2077585940
request Match Data ends matchID 2077594417
request Match Data ends matchID 2077580927
request Match Data ends matchID 2076404180
request Match Data ends matchID 2076367343
request Match Data ends matchID 2076350730
request Match Data ends matchID 2076330823
request Match Data ends matchID 2076310067
request Match Data ends matchID 2076264820
request Match Data ends matchID 2076199633
request Match Data ends matchID 2076186204
request Match Data ends matchID 2076202369
request Match Data ends matchID 2076145223
request Match Data ends matchID 2076153461
request Match Data ends matchID 2076089994
request Match Data ends matchID 2076103249
request Match Data ends matchID 2076049266
request Match Data ends matchID 2075057269
request Match Data ends matchID 2075047573
request Match Data ends matchID 2075018931
request Match Data ends matchID 2074937923
request Match Data ends matchID 2074936518
request Match Data ends matchID 2074941138
request Match Data ends matchID 2074888632
request Match Data ends matchID 2074104782
request Match Data ends matchID 2074006756
request Match Data ends matchID 2074931405
request Match Data ends matchID 2074852185
request Match Data ends matchID 2074016914
request Match Data ends matchID 2073999935
request Match Data ends matchID 2073584940
request Match Data ends matchID 2073440457
request Match Data ends matchID 2073393514
request Match Data ends matchID 2078984321
request Match Data ends matchID 2078968583
request Match Data ends matchID 2078952911
request Match Data ends matchID 2078941589
request Match Data ends matchID 2078932707
request Match Data ends matchID 2078911961
request Match Data ends matchID 2078909912
request Match Data ends matchID 2078876732
request Match Data ends matchID 2078883746
request Match Data ends matchID 2078872358
request Match Data ends matchID 2078829142
request Match Data ends matchID 2078839353

Gracefully shutting down from SIGINT (Ctrl-C)
